<?xml version="1.0" encoding="UTF-8"?>
<!-- Generated by org.testng.reporters.JUnitReportReporter -->
<testsuite skipped="0" hostname="CBT-LAB-024" name="com.kraftly.scripts.TC_3" tests="1" failures="0" timestamp="02 Jul 2018 05:55:10 GMT" time="47.059" errors="0">
  <testcase name="Filter" time="47.059" classname="com.kraftly.scripts.TC_3"/>
</testsuite> <!-- com.kraftly.scripts.TC_3 -->
