<?xml version="1.0" encoding="UTF-8"?>
<!-- Generated by org.testng.reporters.JUnitReportReporter -->
<testsuite skipped="0" hostname="CBT-LAB-023" name="com.kraftly.scripts.TC_1" tests="1" failures="0" timestamp="29 Jun 2018 12:12:40 GMT" time="113.286" errors="0">
  <testcase name="test1" time="113.286" classname="com.kraftly.scripts.TC_1"/>
</testsuite> <!-- com.kraftly.scripts.TC_1 -->
